[2023-06-17 23:33:58] Monitoring: New session started...

[2023-06-17 23:33:58] Read local file...

[2023-06-17 23:33:58] Pinging server...

[2023-06-17 23:34:10] Send to cloud...

[2023-06-17 23:34:11] Failed to send JSON string. Status code: 500

[2023-06-17 23:34:21] Monitoring: Session ended...

[2023-06-17 23:34:21] Monitoring: New session started...

[2023-06-17 23:34:21] Read local file...

[2023-06-17 23:34:21] Pinging server...

[2023-06-17 23:34:33] Send to cloud...

[2023-06-17 23:34:34] Failed to send JSON string. Status code: 500

[2023-06-17 23:34:44] Monitoring: Session ended...

[2023-06-17 23:34:44] Monitoring: New session started...

[2023-06-17 23:34:44] Read local file...

[2023-06-17 23:34:44] Pinging server...

[2023-06-19 10:13:14] Monitoring: New session started...

[2023-06-19 10:30:25] Monitoring: New session started...

[2023-06-19 10:30:25] Read local file...

[2023-06-19 10:30:25] Pinging server ips...

[2023-06-19 10:30:36] Send to cloud...

[2023-06-19 10:30:38] Failed to send JSON string. Status code: 500

[2023-06-19 10:30:48] Monitoring: Session ended...

[2023-06-19 10:30:48] Monitoring: New session started...

[2023-06-19 10:30:48] Read local file...

[2023-06-19 10:30:48] Pinging server ips...

[2023-06-19 10:37:34] Monitoring: New session started...

[2023-06-19 10:37:34] Read local file...

[2023-06-19 10:37:34] Pinging server ips...

[2023-06-19 10:37:46] Send to cloud...

[2023-06-19 10:37:50] JSON string sent successfully!

[2023-06-19 10:38:00] Monitoring: Session ended...

[2023-06-19 10:38:00] Monitoring: New session started...

[2023-06-19 10:38:00] Read local file...

[2023-06-19 10:38:00] Pinging server ips...

[2023-06-19 10:38:11] Send to cloud...

[2023-06-19 10:38:15] JSON string sent successfully!

[2023-06-19 10:38:25] Monitoring: Session ended...

[2023-06-19 10:38:25] Monitoring: New session started...

[2023-06-19 10:38:25] Read local file...

[2023-06-19 10:38:25] Pinging server ips...

