[2023-06-23 16:00:38] Monitoring: New session started...

[2023-06-23 16:00:38] Read local file...

[2023-06-23 16:00:38] Pinging server ips...

[2023-06-23 16:00:50] Send to cloud...

[2023-06-23 16:00:54] JSON string sent successfully!

[2023-06-23 16:01:04] Monitoring: Session ended...

[2023-06-23 16:01:04] Monitoring: New session started...

[2023-06-23 16:01:04] Read local file...

[2023-06-23 16:01:04] Pinging server ips...

[2023-06-23 16:01:15] Send to cloud...

[2023-06-23 16:01:19] JSON string sent successfully!

[2023-06-23 16:01:29] Monitoring: Session ended...

[2023-06-23 16:01:29] Monitoring: New session started...

[2023-06-23 16:01:29] Read local file...

[2023-06-23 16:01:29] Pinging server ips...

[2023-06-23 16:01:40] Send to cloud...

[2023-06-23 16:01:44] JSON string sent successfully!

[2023-06-23 16:01:54] Monitoring: Session ended...

[2023-06-23 16:01:54] Monitoring: New session started...

[2023-06-23 16:01:54] Read local file...

[2023-06-23 16:01:54] Pinging server ips...

[2023-06-23 16:02:05] Send to cloud...

[2023-06-23 16:02:09] JSON string sent successfully!

[2023-06-23 16:02:19] Monitoring: Session ended...

[2023-06-23 16:02:19] Monitoring: New session started...

[2023-06-23 16:02:19] Read local file...

[2023-06-23 16:02:19] Pinging server ips...

[2023-06-23 16:02:31] Send to cloud...

[2023-06-23 16:02:34] JSON string sent successfully!

[2023-06-23 16:02:44] Monitoring: Session ended...

[2023-06-23 16:02:44] Monitoring: New session started...

[2023-06-23 16:02:44] Read local file...

[2023-06-23 16:02:44] Pinging server ips...

[2023-06-23 16:02:55] Send to cloud...

[2023-06-23 16:02:59] JSON string sent successfully!

[2023-06-23 16:03:09] Monitoring: Session ended...

[2023-06-23 16:03:09] Monitoring: New session started...

[2023-06-23 16:03:09] Read local file...

[2023-06-23 16:03:09] Pinging server ips...

[2023-06-23 16:03:20] Send to cloud...

[2023-06-23 16:03:24] JSON string sent successfully!

[2023-06-23 16:03:34] Monitoring: Session ended...

[2023-06-23 16:03:34] Monitoring: New session started...

[2023-06-23 16:03:34] Read local file...

[2023-06-23 16:03:34] Pinging server ips...

[2023-06-23 16:03:45] Send to cloud...

[2023-06-23 16:03:48] JSON string sent successfully!

[2023-06-23 16:03:58] Monitoring: Session ended...

[2023-06-23 16:03:58] Monitoring: New session started...

[2023-06-23 16:03:58] Read local file...

[2023-06-23 16:03:58] Pinging server ips...

[2023-06-23 16:04:09] Send to cloud...

[2023-06-23 16:04:13] JSON string sent successfully!

[2023-06-23 16:04:23] Monitoring: Session ended...

[2023-06-23 16:04:23] Monitoring: New session started...

[2023-06-23 16:04:23] Read local file...

[2023-06-23 16:04:23] Pinging server ips...

[2023-06-23 16:04:35] Send to cloud...

[2023-06-23 16:04:38] JSON string sent successfully!

[2023-06-23 16:04:48] Monitoring: Session ended...

[2023-06-23 16:04:48] Monitoring: New session started...

[2023-06-23 16:04:48] Read local file...

[2023-06-23 16:04:48] Pinging server ips...

[2023-06-23 16:04:59] Send to cloud...

[2023-06-23 16:05:02] JSON string sent successfully!

[2023-06-23 16:05:12] Monitoring: Session ended...

[2023-06-23 16:05:12] Monitoring: New session started...

[2023-06-23 16:05:12] Read local file...

[2023-06-23 16:05:12] Pinging server ips...

[2023-06-23 16:05:23] Send to cloud...

[2023-06-23 16:05:27] JSON string sent successfully!

[2023-06-23 16:05:37] Monitoring: Session ended...

[2023-06-23 16:05:37] Monitoring: New session started...

[2023-06-23 16:05:37] Read local file...

[2023-06-23 16:05:37] Pinging server ips...

[2023-06-23 16:05:49] Send to cloud...

[2023-06-23 16:05:52] JSON string sent successfully!

[2023-06-23 16:06:02] Monitoring: Session ended...

[2023-06-23 16:06:02] Monitoring: New session started...

[2023-06-23 16:06:02] Read local file...

[2023-06-23 16:06:02] Pinging server ips...

[2023-06-23 16:06:14] Send to cloud...

[2023-06-23 16:06:17] JSON string sent successfully!

[2023-06-23 16:06:27] Monitoring: Session ended...

