[2023-06-26 11:59:32] Monitoring: New session started...

[2023-06-26 11:59:32] Read local file...

[2023-06-26 11:59:32] Pinging server ips...

[2023-06-26 11:59:43] Send to cloud...

[2023-06-26 11:59:47] JSON string sent successfully!

[2023-06-26 11:59:47] Monitoring: Session ended...

[2023-06-26 12:04:47] Monitoring: New session started...

[2023-06-26 12:04:47] Read local file...

[2023-06-26 12:04:47] Pinging server ips...

[2023-06-26 12:04:59] Send to cloud...

[2023-06-26 12:05:02] JSON string sent successfully!

[2023-06-26 12:05:02] Monitoring: Session ended...

[2023-06-26 12:10:02] Monitoring: New session started...

[2023-06-26 12:10:02] Read local file...

[2023-06-26 12:10:02] Pinging server ips...

[2023-06-26 12:10:14] Send to cloud...

[2023-06-26 12:10:17] JSON string sent successfully!

[2023-06-26 12:10:17] Monitoring: Session ended...

[2023-06-26 12:15:17] Monitoring: New session started...

[2023-06-26 12:15:17] Read local file...

[2023-06-26 12:15:17] Pinging server ips...

[2023-06-26 12:15:28] Send to cloud...

[2023-06-26 12:15:32] JSON string sent successfully!

[2023-06-26 12:15:32] Monitoring: Session ended...

[2023-06-26 13:35:39] Monitoring: New session started...

[2023-06-26 13:35:39] Read local file...

[2023-06-26 13:35:39] Pinging server ips...

[2023-06-26 13:35:50] Send to cloud...

[2023-06-26 13:35:54] JSON string sent successfully!

[2023-06-26 13:35:54] Monitoring: Session ended...

[2023-06-26 13:40:54] Monitoring: New session started...

[2023-06-26 13:40:54] Read local file...

[2023-06-26 13:40:54] Pinging server ips...

[2023-06-26 13:41:05] Send to cloud...

[2023-06-26 13:41:08] JSON string sent successfully!

[2023-06-26 13:41:08] Monitoring: Session ended...

[2023-06-26 13:46:08] Monitoring: New session started...

[2023-06-26 13:46:08] Read local file...

[2023-06-26 13:46:08] Pinging server ips...

[2023-06-26 13:46:19] Send to cloud...

[2023-06-26 13:46:23] JSON string sent successfully!

[2023-06-26 13:46:23] Monitoring: Session ended...

[2023-06-26 13:51:23] Monitoring: New session started...

[2023-06-26 13:51:23] Read local file...

[2023-06-26 13:51:23] Pinging server ips...

[2023-06-26 13:51:34] Send to cloud...

[2023-06-26 13:51:38] JSON string sent successfully!

[2023-06-26 13:51:38] Monitoring: Session ended...

[2023-06-26 13:56:38] Monitoring: New session started...

[2023-06-26 13:56:38] Read local file...

[2023-06-26 13:56:38] Pinging server ips...

[2023-06-26 13:56:49] Send to cloud...

[2023-06-26 13:56:52] JSON string sent successfully!

[2023-06-26 13:56:52] Monitoring: Session ended...

[2023-06-26 14:01:52] Monitoring: New session started...

[2023-06-26 14:01:52] Read local file...

[2023-06-26 14:01:52] Pinging server ips...

[2023-06-26 14:02:03] Send to cloud...

[2023-06-26 14:02:07] JSON string sent successfully!

[2023-06-26 14:02:07] Monitoring: Session ended...

[2023-06-26 14:07:07] Monitoring: New session started...

[2023-06-26 14:07:07] Read local file...

[2023-06-26 14:07:07] Pinging server ips...

[2023-06-26 14:07:19] Send to cloud...

[2023-06-26 14:07:22] JSON string sent successfully!

[2023-06-26 14:07:22] Monitoring: Session ended...

[2023-06-26 14:12:22] Monitoring: New session started...

[2023-06-26 14:12:22] Read local file...

[2023-06-26 14:12:22] Pinging server ips...

[2023-06-26 14:12:33] Send to cloud...

[2023-06-26 14:12:37] JSON string sent successfully!

[2023-06-26 14:12:37] Monitoring: Session ended...

[2023-06-26 14:21:12] Monitoring: New session started...

[2023-06-26 14:21:12] Read local file...

[2023-06-26 14:21:12] Pinging server ips...

[2023-06-26 14:21:23] Send to cloud...

[2023-06-26 14:21:27] JSON string sent successfully!

[2023-06-26 14:21:27] Monitoring: Session ended...

[2023-06-26 14:26:27] Monitoring: New session started...

[2023-06-26 14:26:27] Read local file...

[2023-06-26 14:26:27] Pinging server ips...

[2023-06-26 14:26:38] Send to cloud...

[2023-06-26 14:26:41] JSON string sent successfully!

[2023-06-26 14:26:41] Monitoring: Session ended...

[2023-06-26 14:31:41] Monitoring: New session started...

[2023-06-26 14:31:41] Read local file...

[2023-06-26 14:31:41] Pinging server ips...

[2023-06-26 14:31:52] Send to cloud...

[2023-06-26 14:31:56] JSON string sent successfully!

[2023-06-26 14:31:56] Monitoring: Session ended...

[2023-06-26 14:36:56] Monitoring: New session started...

[2023-06-26 14:36:57] Read local file...

[2023-06-26 14:36:57] Pinging server ips...

[2023-06-26 14:37:08] Send to cloud...

[2023-06-26 14:37:11] JSON string sent successfully!

[2023-06-26 14:37:11] Monitoring: Session ended...

[2023-06-26 14:43:17] Monitoring: New session started...

[2023-06-26 14:43:17] Read local file...

[2023-06-26 14:43:17] Pinging server ips...

[2023-06-26 14:43:28] Send to cloud...

[2023-06-26 14:43:32] JSON string sent successfully!

[2023-06-26 14:43:32] Monitoring: Session ended...

[2023-06-26 14:48:32] Monitoring: New session started...

[2023-06-26 14:48:32] Read local file...

[2023-06-26 14:48:32] Pinging server ips...

[2023-06-26 14:48:43] Send to cloud...

[2023-06-26 14:48:46] JSON string sent successfully!

[2023-06-26 14:48:46] Monitoring: Session ended...

[2023-06-26 14:53:46] Monitoring: New session started...

[2023-06-26 14:53:46] Read local file...

[2023-06-26 14:53:46] Pinging server ips...

[2023-06-26 14:53:57] Send to cloud...

[2023-06-26 14:54:00] JSON string sent successfully!

[2023-06-26 14:54:00] Monitoring: Session ended...

[2023-06-26 14:59:00] Monitoring: New session started...

[2023-06-26 14:59:00] Read local file...

[2023-06-26 14:59:00] Pinging server ips...

[2023-06-26 14:59:11] Send to cloud...

[2023-06-26 14:59:15] JSON string sent successfully!

[2023-06-26 14:59:15] Monitoring: Session ended...

[2023-06-26 15:04:15] Monitoring: New session started...

[2023-06-26 15:04:15] Read local file...

[2023-06-26 15:04:15] Pinging server ips...

[2023-06-26 15:04:27] Send to cloud...

[2023-06-26 15:04:30] JSON string sent successfully!

[2023-06-26 15:04:30] Monitoring: Session ended...

[2023-06-26 15:09:30] Monitoring: New session started...

[2023-06-26 15:09:30] Read local file...

[2023-06-26 15:09:30] Pinging server ips...

[2023-06-26 15:09:41] Send to cloud...

[2023-06-26 15:09:44] JSON string sent successfully!

[2023-06-26 15:09:44] Monitoring: Session ended...

[2023-06-26 15:14:44] Monitoring: New session started...

[2023-06-26 15:14:44] Read local file...

[2023-06-26 15:14:44] Pinging server ips...

[2023-06-26 15:14:55] Send to cloud...

[2023-06-26 15:14:59] JSON string sent successfully!

[2023-06-26 15:14:59] Monitoring: Session ended...

